<?xml version="1.0" encoding="UTF-8"?>
<!-- Generated by org.testng.reporters.JUnitReportReporter -->
<testsuite skipped="0" hostname="LAPTOP-0AOM9FTS" name="com.Test.LoginTest" tests="2" failures="0" timestamp="2021-07-07T13:36:50 EDT" time="75.298" errors="0">
  <testcase name="freeCrmTitleTest" time="43.869" classname="com.Test.LoginTest"/>
  <system-out/>
  <testcase name="freemCRMLogoTest" time="31.429" classname="com.Test.LoginTest"/>
  <system-out/>
</testsuite> <!-- com.Test.LoginTest -->
