<?xml version="1.0" encoding="UTF-8"?>
<!-- Generated by org.testng.reporters.JUnitReportReporter -->
<testsuite skipped="0" hostname="LAPTOP-0AOM9FTS" name="com.Test.LoginTest" tests="2" failures="0" timestamp="2021-07-07T13:41:38 EDT" time="25.796" errors="0">
  <testcase name="freeCrmTitleTest" time="11.754" classname="com.Test.LoginTest"/>
  <system-out/>
  <testcase name="freemCRMLogoTest" time="14.042" classname="com.Test.LoginTest"/>
  <system-out/>
</testsuite> <!-- com.Test.LoginTest -->
